<?xml version="1.0" encoding="UTF-8"?>
<!-- Generated by org.testng.reporters.JUnitReportReporter -->
<testsuite skipped="1" hostname="DESKTOP-03U4U7G" name="com.edureka.testCases.TC_LoginTest_002" tests="1" failures="0" timestamp="28 Jul 2019 16:44:01 GMT" time="0.000" errors="0">
  <testcase name="loginDDT" time="0.000" classname="com.edureka.testCases.TC_LoginTest_002">
    <skipped/>
  </testcase> <!-- loginDDT -->
</testsuite> <!-- com.edureka.testCases.TC_LoginTest_002 -->
