<?xml version="1.0" encoding="UTF-8"?>
<!-- Generated by org.testng.reporters.JUnitReportReporter -->
<testsuite skipped="0" hostname="DESKTOP-03U4U7G" name="com.edureka.testCases.TC_SearchCourse" tests="1" failures="0" timestamp="26 Aug 2019 22:57:40 GMT" time="20.820" errors="0">
  <testcase name="SearchCourse" time="20.820" classname="com.edureka.testCases.TC_SearchCourse"/>
</testsuite> <!-- com.edureka.testCases.TC_SearchCourse -->
